a.out : 16:06:17 [INFO ] socket connected!
a.out : 16:09:38 [ERROR] socket failure!
a.out : 16:09:39 [WARN ] sockfd disconnected!
a.out : 16:09:39 [WARN ] Breaking and write to database!
a.out : 16:09:39 [INFO ] write to database successfully!
a.out : 16:09:39 [ERROR] write to server failure!
a.out : 16:09:39 [ERROR] read data from server by sockfd[-2] failure!
a.out : 16:09:49 [WARN ] sockfd disconnected!
a.out : 16:09:49 [WARN ] Breaking and write to database!
a.out : 16:09:49 [INFO ] write to database successfully!
a.out : 16:09:49 [ERROR] write to server failure!
a.out : 16:09:49 [ERROR] read data from server by sockfd[-2] failure!
a.out : 16:09:59 [WARN ] sockfd disconnected!
a.out : 16:09:59 [WARN ] Breaking and write to database!
a.out : 16:09:59 [INFO ] write to database successfully!
a.out : 16:09:59 [ERROR] write to server failure!
a.out : 16:09:59 [ERROR] read data from server by sockfd[-2] failure!
a.out : 16:16:54 [INFO ] socket connected!
a.out : 16:16:54 [INFO ] database write to server successfully!
a.out : 16:16:54 [INFO ] DELETE sqlite database successfully!
a.out : 16:16:54 [INFO ] socket write to server successfully! 
a.out : 16:17:04 [INFO ] socket connected!
a.out : 16:17:04 [INFO ] database write to server successfully!
a.out : 16:17:04 [INFO ] DELETE sqlite database successfully!
a.out : 16:17:04 [INFO ] socket write to server successfully! 
a.out : 16:17:14 [WARN ] sockfd disconnected!
a.out : 16:17:14 [WARN ] Breaking and write to database!
a.out : 16:17:14 [INFO ] write to database successfully!
a.out : 16:17:24 [WARN ] sockfd disconnected!
a.out : 16:17:24 [WARN ] Breaking and write to database!
a.out : 16:17:24 [INFO ] write to database successfully!
a.out : 16:17:34 [WARN ] sockfd disconnected!
a.out : 16:17:34 [WARN ] Breaking and write to database!
a.out : 16:17:34 [INFO ] write to database successfully!
a.out : 17:08:51 [INFO ] socket connected!
a.out : 17:08:51 [INFO ] database write to server successfully!
a.out : 17:08:51 [INFO ] DELETE sqlite database successfully!
a.out : 17:08:51 [INFO ] socket write to server successfully! 
a.out : 17:09:01 [WARN ] sockfd disconnected!
a.out : 17:09:01 [WARN ] Breaking and write to database!
a.out : 17:09:01 [INFO ] write to database successfully!
a.out : 19:21:19 [INFO ] socket connected!
a.out : 19:21:19 [INFO ] database write to server successfully!
a.out : 19:21:19 [INFO ] DELETE sqlite database successfully!
a.out : 19:21:19 [INFO ] socket write to server successfully! 
a.out : 19:21:35 [WARN ] sockfd disconnected!
a.out : 19:21:35 [WARN ] Breaking and write to database!
a.out : 19:21:35 [INFO ] write to database successfully!
a.out : 19:21:50 [WARN ] sockfd disconnected!
a.out : 19:21:50 [WARN ] Breaking and write to database!
a.out : 19:21:50 [INFO ] write to database successfully!
a.out : 19:22:05 [WARN ] sockfd disconnected!
a.out : 19:22:05 [WARN ] Breaking and write to database!
a.out : 19:22:05 [INFO ] write to database successfully!
a.out : 13:46:59 [INFO ] socket connected!
a.out : 13:46:59 [INFO ] database write to server successfully!
a.out : 13:46:59 [INFO ] DELETE sqlite database successfully!
a.out : 13:46:59 [INFO ] socket write to server successfully! 
a.out : 13:47:02 [INFO ] socket connected!
a.out : 13:47:02 [INFO ] database write to server successfully!
a.out : 13:47:02 [INFO ] DELETE sqlite database successfully!
a.out : 13:47:02 [INFO ] socket write to server successfully! 
a.out : 13:47:05 [INFO ] socket connected!
a.out : 13:47:05 [INFO ] database write to server successfully!
a.out : 13:47:05 [INFO ] DELETE sqlite database successfully!
a.out : 13:47:05 [INFO ] socket write to server successfully! 
a.out : 13:47:07 [INFO ] socket connected!
a.out : 13:47:07 [INFO ] database write to server successfully!
a.out : 13:47:07 [INFO ] DELETE sqlite database successfully!
a.out : 13:47:07 [INFO ] socket write to server successfully! 
a.out : 13:47:10 [INFO ] socket connected!
a.out : 13:47:10 [INFO ] database write to server successfully!
a.out : 13:47:10 [INFO ] DELETE sqlite database successfully!
a.out : 13:47:10 [INFO ] socket write to server successfully! 
a.out : 13:47:13 [INFO ] socket connected!
a.out : 13:47:13 [INFO ] database write to server successfully!
a.out : 13:47:13 [INFO ] DELETE sqlite database successfully!
a.out : 13:47:13 [INFO ] socket write to server successfully! 
a.out : 13:47:16 [INFO ] socket connected!
a.out : 14:19:06 [INFO ] socket connected!
a.out : 15:23:15 [INFO ] socket connected!
a.out : 15:23:15 [ERROR] The sqlite_check_data() argument incorrect!

a.out : 15:23:15 [ERROR] The sqlite_check_data() argument incorrect!

a.out : 15:23:15 [INFO ] database write to server successfully!
a.out : 15:23:15 [ERROR] Sqlite_delete_data error:(null)

a.out : 15:23:15 [INFO ] DELETE sqlite database successfully!
a.out : 15:23:15 [INFO ] socket write to server successfully! 
a.out : 15:23:15 [INFO ] successfully close database

a.out : 15:23:18 [INFO ] socket connected!
a.out : 15:23:18 [ERROR] The sqlite_check_data() argument incorrect!

a.out : 15:23:18 [ERROR] The sqlite_check_data() argument incorrect!

a.out : 15:23:18 [INFO ] database write to server successfully!
a.out : 15:23:18 [ERROR] Sqlite_delete_data error:(null)

a.out : 15:23:18 [INFO ] DELETE sqlite database successfully!
a.out : 15:23:18 [INFO ] socket write to server successfully! 
a.out : 15:23:18 [INFO ] successfully close database

a.out : 15:23:21 [INFO ] socket connected!
a.out : 15:23:21 [ERROR] The sqlite_check_data() argument incorrect!

a.out : 15:23:21 [ERROR] The sqlite_check_data() argument incorrect!

a.out : 15:23:21 [INFO ] database write to server successfully!
a.out : 15:23:21 [ERROR] Sqlite_delete_data error:(null)

a.out : 15:23:21 [INFO ] DELETE sqlite database successfully!
a.out : 15:23:21 [INFO ] socket write to server successfully! 
a.out : 15:23:21 [INFO ] successfully close database

a.out : 15:23:24 [INFO ] socket connected!
a.out : 15:23:24 [ERROR] The sqlite_check_data() argument incorrect!

a.out : 15:23:24 [ERROR] The sqlite_check_data() argument incorrect!

a.out : 15:23:24 [INFO ] database write to server successfully!
a.out : 15:23:24 [ERROR] Sqlite_delete_data error:(null)

a.out : 15:23:24 [INFO ] DELETE sqlite database successfully!
a.out : 15:23:24 [INFO ] socket write to server successfully! 
a.out : 15:23:24 [INFO ] successfully close database

a.out : 15:23:27 [INFO ] socket connected!
a.out : 15:23:27 [ERROR] The sqlite_check_data() argument incorrect!

a.out : 15:23:27 [ERROR] The sqlite_check_data() argument incorrect!

a.out : 15:23:27 [INFO ] database write to server successfully!
a.out : 15:23:27 [ERROR] Sqlite_delete_data error:(null)

a.out : 15:23:27 [INFO ] DELETE sqlite database successfully!
a.out : 15:23:27 [INFO ] socket write to server successfully! 
a.out : 15:23:27 [INFO ] successfully close database

a.out : 15:23:29 [WARN ] sockfd disconnected!
a.out : 15:23:29 [WARN ] Breaking and write to database!
a.out : 15:23:29 [INFO ] Table insert  successfully
a.out : 15:23:29 [INFO ] write to database successfully!
a.out : 15:23:29 [INFO ] successfully close database

a.out : 15:23:32 [WARN ] sockfd disconnected!
a.out : 15:23:32 [WARN ] Breaking and write to database!
a.out : 15:23:32 [INFO ] Table insert  successfully
a.out : 15:23:32 [INFO ] write to database successfully!
a.out : 15:23:32 [INFO ] successfully close database

a.out : 21:17:59 [INFO ] socket connected!
a.out : 21:17:59 [ERROR] The sqlite_check_data() argument incorrect!

a.out : 21:17:59 [ERROR] The sqlite_check_data() argument incorrect!

a.out : 21:17:59 [INFO ] database write to server successfully!
a.out : 21:17:59 [ERROR] Sqlite_delete_data error:(null)

a.out : 21:17:59 [INFO ] DELETE sqlite database successfully!
a.out : 21:17:59 [INFO ] socket write to server successfully! 
a.out : 21:17:59 [INFO ] successfully close database

a.out : 21:18:09 [INFO ] socket connected!
a.out : 21:18:09 [ERROR] The sqlite_check_data() argument incorrect!

a.out : 21:18:09 [ERROR] The sqlite_check_data() argument incorrect!

a.out : 21:18:09 [INFO ] database write to server successfully!
a.out : 21:18:09 [ERROR] Sqlite_delete_data error:(null)

a.out : 21:18:09 [INFO ] DELETE sqlite database successfully!
a.out : 21:18:09 [INFO ] socket write to server successfully! 
a.out : 21:18:09 [INFO ] successfully close database

a.out : 21:18:19 [WARN ] sockfd disconnected!
a.out : 21:18:19 [WARN ] Breaking and write to database!
a.out : 21:18:19 [INFO ] Table insert  successfully
a.out : 21:18:19 [INFO ] write to database successfully!
a.out : 21:18:19 [INFO ] successfully close database

a.out : 21:18:28 [WARN ] sockfd disconnected!
a.out : 21:18:28 [WARN ] Breaking and write to database!
a.out : 21:18:28 [INFO ] Table insert  successfully
a.out : 21:18:28 [INFO ] write to database successfully!
a.out : 21:18:28 [INFO ] successfully close database

a.out : 21:30:46 [ERROR] socket failure!
a.out : 21:30:47 [WARN ] sockfd disconnected!
a.out : 21:30:47 [WARN ] Breaking and write to database!
a.out : 21:30:47 [INFO ] Table insert  successfully
a.out : 21:30:47 [INFO ] write to database successfully!
a.out : 21:30:47 [INFO ] successfully close database

a.out : 21:30:47 [ERROR] write to server failure!
a.out : 21:30:47 [ERROR] read data from server by sockfd[-2] failure!
a.out : 21:31:02 [WARN ] sockfd disconnected!
a.out : 21:31:02 [WARN ] Breaking and write to database!
a.out : 21:31:02 [INFO ] Table insert  successfully
a.out : 21:31:02 [INFO ] write to database successfully!
a.out : 21:31:02 [INFO ] successfully close database

a.out : 21:31:02 [ERROR] write to server failure!
a.out : 21:31:02 [ERROR] read data from server by sockfd[-2] failure!
a.out : 21:31:17 [WARN ] sockfd disconnected!
a.out : 21:31:17 [WARN ] Breaking and write to database!
a.out : 21:31:17 [INFO ] Table insert  successfully
a.out : 21:31:17 [INFO ] write to database successfully!
a.out : 21:31:17 [INFO ] successfully close database

a.out : 21:31:17 [ERROR] write to server failure!
a.out : 21:31:17 [ERROR] read data from server by sockfd[-2] failure!
a.out : 21:31:24 [INFO ] socket connected!
a.out : 21:31:24 [ERROR] The sqlite_check_data() argument incorrect!

a.out : 21:31:24 [ERROR] The sqlite_check_data() argument incorrect!

a.out : 21:31:24 [INFO ] database write to server successfully!
a.out : 21:31:24 [ERROR] Sqlite_delete_data error:(null)

a.out : 21:31:24 [INFO ] DELETE sqlite database successfully!
a.out : 21:31:24 [INFO ] socket write to server successfully! 
a.out : 21:31:24 [INFO ] successfully close database

a.out : 21:31:39 [INFO ] socket connected!
a.out : 21:31:39 [ERROR] The sqlite_check_data() argument incorrect!

a.out : 21:31:39 [ERROR] The sqlite_check_data() argument incorrect!

a.out : 21:31:39 [INFO ] database write to server successfully!
a.out : 21:31:39 [ERROR] Sqlite_delete_data error:(null)

a.out : 21:31:39 [INFO ] DELETE sqlite database successfully!
a.out : 21:31:39 [INFO ] socket write to server successfully! 
a.out : 21:31:39 [INFO ] successfully close database

a.out : 21:31:54 [WARN ] sockfd disconnected!
a.out : 21:31:54 [WARN ] Breaking and write to database!
a.out : 21:31:54 [INFO ] Table insert  successfully
a.out : 21:31:54 [INFO ] write to database successfully!
a.out : 21:31:54 [INFO ] successfully close database

a.out : 21:35:42 [INFO ] socket connected!
a.out : 21:35:42 [ERROR] The sqlite_check_data() argument incorrect!

a.out : 21:35:42 [ERROR] The sqlite_check_data() argument incorrect!

a.out : 21:35:42 [INFO ] database write to server successfully!
a.out : 21:35:42 [ERROR] Sqlite_delete_data error:(null)

a.out : 21:35:42 [INFO ] DELETE sqlite database successfully!
a.out : 21:35:42 [INFO ] socket write to server successfully! 
a.out : 21:35:42 [INFO ] successfully close database

a.out : 21:35:45 [INFO ] socket connected!
a.out : 21:35:45 [ERROR] The sqlite_check_data() argument incorrect!

a.out : 21:35:45 [ERROR] The sqlite_check_data() argument incorrect!

a.out : 21:35:45 [INFO ] database write to server successfully!
a.out : 21:35:45 [ERROR] Sqlite_delete_data error:(null)

a.out : 21:35:45 [INFO ] DELETE sqlite database successfully!
a.out : 21:35:45 [INFO ] socket write to server successfully! 
a.out : 21:35:45 [INFO ] successfully close database

a.out : 21:35:48 [INFO ] socket connected!
a.out : 21:35:48 [ERROR] The sqlite_check_data() argument incorrect!

a.out : 21:35:48 [ERROR] The sqlite_check_data() argument incorrect!

a.out : 21:35:48 [INFO ] database write to server successfully!
a.out : 21:35:48 [ERROR] Sqlite_delete_data error:(null)

a.out : 21:35:48 [INFO ] DELETE sqlite database successfully!
a.out : 21:35:48 [INFO ] socket write to server successfully! 
a.out : 21:35:48 [INFO ] successfully close database

a.out : 21:35:50 [INFO ] socket connected!
a.out : 21:35:50 [ERROR] The sqlite_check_data() argument incorrect!

a.out : 21:35:50 [ERROR] The sqlite_check_data() argument incorrect!

a.out : 21:35:50 [INFO ] database write to server successfully!
a.out : 21:35:50 [ERROR] Sqlite_delete_data error:(null)

a.out : 21:35:50 [INFO ] DELETE sqlite database successfully!
a.out : 21:35:50 [INFO ] socket write to server successfully! 
a.out : 21:35:50 [INFO ] successfully close database

a.out : 21:35:53 [INFO ] socket connected!
a.out : 21:35:53 [ERROR] The sqlite_check_data() argument incorrect!

a.out : 21:35:53 [ERROR] The sqlite_check_data() argument incorrect!

a.out : 21:35:53 [INFO ] database write to server successfully!
a.out : 21:35:53 [ERROR] Sqlite_delete_data error:(null)

a.out : 21:35:53 [INFO ] DELETE sqlite database successfully!
a.out : 21:35:53 [INFO ] socket write to server successfully! 
a.out : 21:35:53 [INFO ] successfully close database

a.out : 21:35:56 [INFO ] socket connected!
a.out : 21:35:56 [ERROR] The sqlite_check_data() argument incorrect!

a.out : 21:35:56 [ERROR] The sqlite_check_data() argument incorrect!

a.out : 21:35:56 [INFO ] database write to server successfully!
a.out : 21:35:56 [ERROR] Sqlite_delete_data error:(null)

a.out : 21:35:56 [INFO ] DELETE sqlite database successfully!
a.out : 21:35:56 [INFO ] socket write to server successfully! 
a.out : 21:35:56 [INFO ] successfully close database

a.out : 21:35:59 [INFO ] socket connected!
a.out : 21:35:59 [ERROR] The sqlite_check_data() argument incorrect!

a.out : 21:35:59 [ERROR] The sqlite_check_data() argument incorrect!

a.out : 21:35:59 [INFO ] database write to server successfully!
a.out : 21:35:59 [ERROR] Sqlite_delete_data error:(null)

a.out : 21:35:59 [INFO ] DELETE sqlite database successfully!
a.out : 21:35:59 [INFO ] socket write to server successfully! 
a.out : 21:35:59 [INFO ] successfully close database

a.out : 21:36:02 [INFO ] socket connected!
a.out : 21:36:02 [ERROR] The sqlite_check_data() argument incorrect!

a.out : 21:36:02 [ERROR] The sqlite_check_data() argument incorrect!

a.out : 21:36:02 [INFO ] database write to server successfully!
a.out : 21:36:02 [ERROR] Sqlite_delete_data error:(null)

a.out : 21:36:02 [INFO ] DELETE sqlite database successfully!
a.out : 21:36:02 [INFO ] socket write to server successfully! 
a.out : 21:36:02 [INFO ] successfully close database

a.out : 21:36:05 [INFO ] socket connected!
a.out : 21:36:05 [ERROR] The sqlite_check_data() argument incorrect!

a.out : 21:36:05 [ERROR] The sqlite_check_data() argument incorrect!

a.out : 21:36:05 [INFO ] database write to server successfully!
a.out : 21:36:05 [ERROR] Sqlite_delete_data error:(null)

a.out : 21:36:05 [INFO ] DELETE sqlite database successfully!
a.out : 21:36:05 [INFO ] socket write to server successfully! 
a.out : 21:36:05 [INFO ] successfully close database

a.out : 21:36:08 [INFO ] socket connected!
a.out : 21:36:08 [ERROR] The sqlite_check_data() argument incorrect!

a.out : 21:36:08 [ERROR] The sqlite_check_data() argument incorrect!

a.out : 21:36:08 [INFO ] database write to server successfully!
a.out : 21:36:08 [ERROR] Sqlite_delete_data error:(null)

a.out : 21:36:08 [INFO ] DELETE sqlite database successfully!
a.out : 21:36:08 [INFO ] socket write to server successfully! 
a.out : 21:36:08 [INFO ] successfully close database

a.out : 21:36:11 [INFO ] socket connected!
a.out : 21:36:11 [ERROR] The sqlite_check_data() argument incorrect!

a.out : 21:36:11 [ERROR] The sqlite_check_data() argument incorrect!

a.out : 21:36:11 [INFO ] database write to server successfully!
a.out : 21:36:11 [ERROR] Sqlite_delete_data error:(null)

a.out : 21:36:11 [INFO ] DELETE sqlite database successfully!
a.out : 21:36:11 [INFO ] socket write to server successfully! 
a.out : 21:36:11 [INFO ] successfully close database

a.out : 21:36:13 [INFO ] socket connected!
a.out : 21:36:13 [ERROR] The sqlite_check_data() argument incorrect!

a.out : 21:36:13 [ERROR] The sqlite_check_data() argument incorrect!

a.out : 21:36:13 [INFO ] database write to server successfully!
a.out : 21:36:13 [ERROR] Sqlite_delete_data error:(null)

a.out : 21:36:13 [INFO ] DELETE sqlite database successfully!
a.out : 21:36:13 [INFO ] socket write to server successfully! 
a.out : 21:36:13 [INFO ] successfully close database

a.out : 21:36:16 [INFO ] socket connected!
a.out : 21:36:16 [ERROR] The sqlite_check_data() argument incorrect!

a.out : 21:36:16 [ERROR] The sqlite_check_data() argument incorrect!

a.out : 21:36:16 [INFO ] database write to server successfully!
a.out : 21:36:16 [ERROR] Sqlite_delete_data error:(null)

a.out : 21:36:16 [INFO ] DELETE sqlite database successfully!
a.out : 21:36:16 [INFO ] socket write to server successfully! 
a.out : 21:36:16 [INFO ] successfully close database

a.out : 21:36:19 [INFO ] socket connected!
a.out : 21:36:19 [ERROR] The sqlite_check_data() argument incorrect!

a.out : 21:36:19 [ERROR] The sqlite_check_data() argument incorrect!

a.out : 21:36:19 [INFO ] database write to server successfully!
a.out : 21:36:19 [ERROR] Sqlite_delete_data error:(null)

a.out : 21:36:19 [INFO ] DELETE sqlite database successfully!
a.out : 21:36:19 [INFO ] socket write to server successfully! 
a.out : 21:36:19 [INFO ] successfully close database

a.out : 21:36:22 [INFO ] socket connected!
a.out : 21:36:22 [ERROR] The sqlite_check_data() argument incorrect!

a.out : 21:36:22 [ERROR] The sqlite_check_data() argument incorrect!

a.out : 21:36:22 [INFO ] database write to server successfully!
a.out : 21:36:22 [ERROR] Sqlite_delete_data error:(null)

a.out : 21:36:22 [INFO ] DELETE sqlite database successfully!
a.out : 21:36:22 [INFO ] socket write to server successfully! 
a.out : 21:36:22 [INFO ] successfully close database

a.out : 21:36:25 [INFO ] socket connected!
a.out : 21:36:25 [ERROR] The sqlite_check_data() argument incorrect!

a.out : 21:36:25 [ERROR] The sqlite_check_data() argument incorrect!

a.out : 21:36:25 [INFO ] database write to server successfully!
a.out : 21:36:25 [ERROR] Sqlite_delete_data error:(null)

a.out : 21:36:25 [INFO ] DELETE sqlite database successfully!
a.out : 21:36:25 [INFO ] socket write to server successfully! 
a.out : 21:36:25 [INFO ] successfully close database

a.out : 21:36:28 [INFO ] socket connected!
a.out : 21:36:28 [ERROR] The sqlite_check_data() argument incorrect!

a.out : 21:36:28 [ERROR] The sqlite_check_data() argument incorrect!

a.out : 21:36:28 [INFO ] database write to server successfully!
a.out : 21:36:28 [ERROR] Sqlite_delete_data error:(null)

a.out : 21:36:28 [INFO ] DELETE sqlite database successfully!
a.out : 21:36:28 [INFO ] socket write to server successfully! 
a.out : 21:36:28 [INFO ] successfully close database

a.out : 21:36:31 [INFO ] socket connected!
a.out : 21:36:31 [ERROR] The sqlite_check_data() argument incorrect!

a.out : 21:36:31 [ERROR] The sqlite_check_data() argument incorrect!

a.out : 21:36:31 [INFO ] database write to server successfully!
a.out : 21:36:31 [ERROR] Sqlite_delete_data error:(null)

a.out : 21:36:31 [INFO ] DELETE sqlite database successfully!
a.out : 21:36:31 [INFO ] socket write to server successfully! 
a.out : 21:36:31 [INFO ] successfully close database

a.out : 21:36:34 [INFO ] socket connected!
a.out : 21:36:34 [ERROR] The sqlite_check_data() argument incorrect!

a.out : 21:36:34 [ERROR] The sqlite_check_data() argument incorrect!

a.out : 21:36:34 [INFO ] database write to server successfully!
a.out : 21:36:34 [ERROR] Sqlite_delete_data error:(null)

a.out : 21:36:34 [INFO ] DELETE sqlite database successfully!
a.out : 21:36:34 [INFO ] socket write to server successfully! 
a.out : 21:36:34 [INFO ] successfully close database

a.out : 21:36:36 [INFO ] socket connected!
a.out : 21:36:36 [ERROR] The sqlite_check_data() argument incorrect!

a.out : 21:36:36 [ERROR] The sqlite_check_data() argument incorrect!

a.out : 21:36:36 [INFO ] database write to server successfully!
a.out : 21:36:36 [ERROR] Sqlite_delete_data error:(null)

a.out : 21:36:36 [INFO ] DELETE sqlite database successfully!
a.out : 21:36:36 [INFO ] socket write to server successfully! 
a.out : 21:36:36 [INFO ] successfully close database

a.out : 21:36:39 [INFO ] socket connected!
a.out : 21:36:39 [ERROR] The sqlite_check_data() argument incorrect!

a.out : 21:36:39 [ERROR] The sqlite_check_data() argument incorrect!

a.out : 21:36:39 [INFO ] database write to server successfully!
a.out : 21:36:39 [ERROR] Sqlite_delete_data error:(null)

a.out : 21:36:39 [INFO ] DELETE sqlite database successfully!
a.out : 21:36:39 [INFO ] socket write to server successfully! 
a.out : 21:36:39 [INFO ] successfully close database

a.out : 21:36:42 [INFO ] socket connected!
a.out : 21:36:42 [ERROR] The sqlite_check_data() argument incorrect!

a.out : 21:36:42 [ERROR] The sqlite_check_data() argument incorrect!

a.out : 21:36:42 [INFO ] database write to server successfully!
a.out : 21:36:42 [ERROR] Sqlite_delete_data error:(null)

a.out : 21:36:42 [INFO ] DELETE sqlite database successfully!
a.out : 21:36:42 [INFO ] socket write to server successfully! 
a.out : 21:36:42 [INFO ] successfully close database

a.out : 21:50:40 [INFO ] socket connected!
a.out : 21:50:40 [ERROR] Sqlite_check_data error:no such table: test.db

a.out : 21:50:40 [ERROR] Sqlite_check_data error:no such table: test.db

a.out : 21:50:40 [INFO ] database write to server successfully!
a.out : 21:50:40 [INFO ] Delete first data successfully!

a.out : 21:50:40 [INFO ] DELETE sqlite database successfully!
a.out : 21:50:40 [INFO ] socket write to server successfully! 
a.out : 21:50:40 [INFO ] successfully close database

a.out : 21:50:50 [INFO ] socket connected!
a.out : 21:50:50 [ERROR] Sqlite_check_data error:(null)

a.out : 21:50:50 [ERROR] Sqlite_check_data error:(null)

a.out : 21:50:50 [INFO ] database write to server successfully!
a.out : 21:50:50 [ERROR] Sqlite_delete_data error:(null)

a.out : 21:50:50 [INFO ] DELETE sqlite database successfully!
a.out : 21:50:50 [INFO ] socket write to server successfully! 
a.out : 21:50:50 [ERROR] Error close database: (null)

a.out : 21:50:50 [INFO ] successfully close database

a.out : 21:51:00 [INFO ] socket connected!
a.out : 21:51:00 [ERROR] Sqlite_check_data error:(null)

a.out : 21:51:00 [ERROR] Sqlite_check_data error:(null)

a.out : 21:51:00 [INFO ] database write to server successfully!
a.out : 21:51:00 [ERROR] Sqlite_delete_data error:(null)

a.out : 21:51:00 [INFO ] DELETE sqlite database successfully!
a.out : 21:51:00 [INFO ] socket write to server successfully! 
a.out : 21:51:00 [ERROR] Error close database: (null)

a.out : 21:51:00 [INFO ] successfully close database

a.out : 21:51:10 [WARN ] sockfd disconnected!
a.out : 21:51:10 [WARN ] Breaking and write to database!
a.out : 21:51:10 [ERROR] SQL error: (null)

a.out : 21:51:10 [INFO ] write to database successfully!
a.out : 21:51:10 [ERROR] Error close database: (null)

a.out : 21:51:10 [INFO ] successfully close database

a.out : 21:58:10 [INFO ] socket connected!
a.out : 21:58:10 [ERROR] Sqlite_check_data error:no such table: test.db

a.out : 21:58:10 [ERROR] Sqlite_check_data error:no such table: test.db

a.out : 21:58:10 [INFO ] database write to server successfully!
a.out : 21:58:10 [INFO ] Delete first data successfully!

a.out : 21:58:10 [INFO ] DELETE sqlite database successfully!
a.out : 21:58:10 [INFO ] socket write to server successfully! 
a.out : 21:58:10 [INFO ] successfully close database

a.out : 21:58:20 [INFO ] socket connected!
a.out : 21:58:20 [ERROR] Sqlite_check_data error:no such table: test.db

a.out : 21:58:20 [ERROR] Sqlite_check_data error:no such table: test.db

a.out : 21:58:20 [INFO ] database write to server successfully!
a.out : 21:58:20 [INFO ] Delete first data successfully!

a.out : 21:58:20 [INFO ] DELETE sqlite database successfully!
a.out : 21:58:20 [INFO ] socket write to server successfully! 
a.out : 21:58:20 [INFO ] successfully close database

a.out : 21:58:30 [WARN ] sockfd disconnected!
a.out : 21:58:30 [WARN ] Breaking and write to database!
a.out : 21:58:30 [INFO ] Table insert  successfully
a.out : 21:58:30 [INFO ] write to database successfully!
a.out : 21:58:30 [INFO ] successfully close database

a.out : 00:07:17 [INFO ] socket connected!
a.out : 00:07:17 [INFO ] Table select successfully

a.out : 00:07:17 [INFO ] database write to server successfully!
a.out : 00:07:17 [INFO ] Delete first data successfully!

a.out : 00:07:17 [INFO ] DELETE sqlite database successfully!
a.out : 00:07:17 [INFO ] socket write to server successfully! 
a.out : 00:07:17 [INFO ] successfully close database

a.out : 00:07:29 [WARN ] sockfd disconnected!
a.out : 00:07:29 [WARN ] Breaking and write to database!
a.out : 00:07:29 [INFO ] Table insert  successfully
a.out : 00:07:29 [INFO ] write to database successfully!
a.out : 00:07:29 [INFO ] successfully close database

a.out : 00:13:23 [ERROR] connect to server[192.168.2.40:8089]failure :Connection refused!
a.out : 00:13:23 [ERROR] socket failure!
a.out : 00:14:29 [INFO ] socket[4] connected!
a.out : 00:14:29 [INFO ] Table select successfully

a.out : 00:14:29 [INFO ] database write to server successfully!
a.out : 00:14:29 [INFO ] Delete first data successfully!

a.out : 00:14:29 [INFO ] DELETE sqlite database successfully!
a.out : 00:14:29 [INFO ] socket write to server successfully! 
a.out : 00:14:29 [INFO ] successfully close database

a.out : 00:14:41 [INFO ] socket[4] connected!
a.out : 00:14:41 [INFO ] Table select successfully

a.out : 00:14:41 [INFO ] database write to server successfully!
a.out : 00:14:41 [INFO ] Delete first data successfully!

a.out : 00:14:41 [INFO ] DELETE sqlite database successfully!
a.out : 00:14:41 [INFO ] socket write to server successfully! 
a.out : 00:14:41 [INFO ] successfully close database

a.out : 00:14:52 [WARN ] sockfd[4] disconnected!
a.out : 00:14:52 [WARN ] Breaking and write to database!
a.out : 00:14:52 [INFO ] Table insert  successfully
a.out : 00:14:52 [INFO ] write to database successfully!
a.out : 00:14:52 [INFO ] successfully close database

a.out : 00:15:04 [WARN ] sockfd[4] disconnected!
a.out : 00:15:04 [WARN ] Breaking and write to database!
a.out : 00:15:04 [INFO ] Table insert  successfully
a.out : 00:15:04 [INFO ] write to database successfully!
a.out : 00:15:04 [INFO ] successfully close database

a.out : 00:17:05 [ERROR] connect to server[192.168.2.40:12345]failure :Connection refused!
a.out : 00:17:05 [ERROR] socket failure!
a.out : 00:17:06 [INFO ] Table select successfully

a.out : 00:17:06 [INFO ] database write to server successfully!
a.out : 00:17:06 [INFO ] Delete first data successfully!

a.out : 00:17:06 [INFO ] DELETE sqlite database successfully!
a.out : 00:17:06 [ERROR] write to server failure!
a.out : 00:17:06 [INFO ] socket write to server successfully! 
a.out : 00:17:06 [INFO ] successfully close database

a.out : 00:17:06 [ERROR] write to server failure!
a.out : 00:17:06 [ERROR] read data from server by sockfd[-2] failure!
a.out : 00:17:18 [INFO ] Table select successfully

a.out : 00:17:18 [INFO ] database write to server successfully!
a.out : 00:17:18 [INFO ] Delete first data successfully!

a.out : 00:17:18 [INFO ] DELETE sqlite database successfully!
a.out : 00:17:18 [ERROR] write to server failure!
a.out : 00:17:18 [INFO ] socket write to server successfully! 
a.out : 00:17:18 [INFO ] successfully close database

a.out : 00:17:18 [ERROR] write to server failure!
a.out : 00:17:18 [ERROR] read data from server by sockfd[-2] failure!
a.out : 17:56:06 [INFO ] socket[4] connected!
a.out : 17:56:06 [INFO ] Table select successfully

a.out : 17:56:06 [INFO ] database write to server successfully!
a.out : 17:56:06 [INFO ] Delete first data successfully!

a.out : 17:56:06 [INFO ] DELETE sqlite database successfully!
a.out : 17:56:06 [INFO ] database write to server successfully!
a.out : 17:56:06 [INFO ] Delete first data successfully!

a.out : 17:56:06 [INFO ] DELETE sqlite database successfully!
a.out : 17:56:06 [INFO ] socket write to server successfully! 
a.out : 17:56:06 [INFO ] successfully close database

a.out : 17:56:16 [INFO ] socket[4] connected!
a.out : 17:56:16 [ERROR] Sqlite_check_data error:(null)

a.out : 17:56:16 [ERROR] Sqlite_check_data error:(null)

a.out : 17:56:16 [INFO ] database write to server successfully!
a.out : 17:56:16 [ERROR] Sqlite_delete_data error:(null)

a.out : 17:56:16 [INFO ] DELETE sqlite database successfully!
a.out : 17:56:16 [INFO ] socket write to server successfully! 
a.out : 17:56:16 [ERROR] Error close database: (null)

a.out : 17:56:16 [INFO ] successfully close database

a.out : 17:56:26 [INFO ] socket[4] connected!
a.out : 17:56:26 [ERROR] Sqlite_check_data error:(null)

a.out : 17:56:26 [ERROR] Sqlite_check_data error:(null)

a.out : 17:56:26 [INFO ] database write to server successfully!
a.out : 17:56:26 [ERROR] Sqlite_delete_data error:(null)

a.out : 17:56:26 [INFO ] DELETE sqlite database successfully!
a.out : 17:56:26 [INFO ] socket write to server successfully! 
a.out : 17:56:26 [ERROR] Error close database: (null)

a.out : 17:56:26 [INFO ] successfully close database

a.out : 17:56:36 [INFO ] socket[4] connected!
a.out : 17:56:36 [ERROR] Sqlite_check_data error:(null)

a.out : 17:56:36 [ERROR] Sqlite_check_data error:(null)

a.out : 17:56:36 [INFO ] database write to server successfully!
a.out : 17:56:36 [ERROR] Sqlite_delete_data error:(null)

a.out : 17:56:36 [INFO ] DELETE sqlite database successfully!
a.out : 17:56:36 [INFO ] socket write to server successfully! 
a.out : 17:56:36 [ERROR] Error close database: (null)

a.out : 17:56:36 [INFO ] successfully close database

a.out : 17:56:46 [INFO ] socket[4] connected!
a.out : 17:56:46 [ERROR] Sqlite_check_data error:(null)

a.out : 17:56:46 [ERROR] Sqlite_check_data error:(null)

a.out : 17:56:46 [INFO ] database write to server successfully!
a.out : 17:56:46 [ERROR] Sqlite_delete_data error:(null)

a.out : 17:56:46 [INFO ] DELETE sqlite database successfully!
a.out : 17:56:46 [INFO ] socket write to server successfully! 
a.out : 17:56:46 [ERROR] Error close database: (null)

a.out : 17:56:46 [INFO ] successfully close database

a.out : 17:56:56 [INFO ] socket[4] connected!
a.out : 17:56:56 [ERROR] Sqlite_check_data error:(null)

a.out : 17:56:56 [ERROR] Sqlite_check_data error:(null)

a.out : 17:56:56 [INFO ] database write to server successfully!
a.out : 17:56:56 [ERROR] Sqlite_delete_data error:(null)

a.out : 17:56:56 [INFO ] DELETE sqlite database successfully!
a.out : 17:56:56 [INFO ] socket write to server successfully! 
a.out : 17:56:56 [ERROR] Error close database: (null)

a.out : 17:56:56 [INFO ] successfully close database

a.out : 17:57:05 [WARN ] sockfd[4] disconnected!
a.out : 17:57:05 [WARN ] Breaking and write to database!
a.out : 17:57:05 [ERROR] SQL error: (null)

a.out : 17:57:05 [INFO ] write to database successfully!
a.out : 17:57:05 [ERROR] Error close database: (null)

a.out : 17:57:05 [INFO ] successfully close database

a.out : 17:57:15 [WARN ] sockfd[4] disconnected!
a.out : 17:57:15 [WARN ] Breaking and write to database!
a.out : 17:57:15 [ERROR] SQL error: (null)

a.out : 17:57:15 [INFO ] write to database successfully!
a.out : 17:57:15 [ERROR] Error close database: (null)

a.out : 17:57:15 [INFO ] successfully close database

a.out : 18:11:15 [INFO ] socket[4] connected!
a.out : 18:11:15 [INFO ] Table select successfully

a.out : 18:11:15 [INFO ] database write to server successfully!
a.out : 18:11:15 [INFO ] Delete first data successfully!

a.out : 18:11:15 [INFO ] DELETE sqlite database successfully!
a.out : 18:11:15 [INFO ] database write to server successfully!
a.out : 18:11:15 [INFO ] Delete first data successfully!

a.out : 18:11:15 [INFO ] DELETE sqlite database successfully!
a.out : 18:11:15 [INFO ] socket write to server successfully! 
a.out : 18:11:15 [INFO ] successfully close database

a.out : 18:11:24 [INFO ] socket[4] connected!
a.out : 18:11:24 [ERROR] Sqlite_check_data error:(null)

a.out : 18:11:24 [ERROR] Sqlite_check_data error:(null)

a.out : 18:11:24 [INFO ] database write to server successfully!
a.out : 18:11:24 [ERROR] Sqlite_delete_data error:(null)

a.out : 18:11:24 [INFO ] DELETE sqlite database successfully!
a.out : 18:11:24 [INFO ] socket write to server successfully! 
a.out : 18:11:24 [ERROR] Error close database: (null)

a.out : 18:11:24 [INFO ] successfully close database

a.out : 18:11:34 [INFO ] socket[4] connected!
a.out : 18:11:34 [ERROR] Sqlite_check_data error:(null)

a.out : 18:11:34 [ERROR] Sqlite_check_data error:(null)

a.out : 18:11:34 [INFO ] database write to server successfully!
a.out : 18:11:34 [ERROR] Sqlite_delete_data error:(null)

a.out : 18:11:34 [INFO ] DELETE sqlite database successfully!
a.out : 18:11:34 [INFO ] socket write to server successfully! 
a.out : 18:11:34 [ERROR] Error close database: (null)

a.out : 18:11:34 [INFO ] successfully close database

a.out : 18:11:44 [INFO ] socket[4] connected!
a.out : 18:11:44 [ERROR] Sqlite_check_data error:(null)

a.out : 18:11:44 [ERROR] Sqlite_check_data error:(null)

a.out : 18:11:44 [INFO ] database write to server successfully!
a.out : 18:11:44 [ERROR] Sqlite_delete_data error:(null)

a.out : 18:11:44 [INFO ] DELETE sqlite database successfully!
a.out : 18:11:44 [INFO ] socket write to server successfully! 
a.out : 18:11:44 [ERROR] Error close database: (null)

a.out : 18:11:44 [INFO ] successfully close database

a.out : 18:11:54 [INFO ] socket[4] connected!
a.out : 18:11:54 [ERROR] Sqlite_check_data error:(null)

a.out : 18:11:54 [ERROR] Sqlite_check_data error:(null)

a.out : 18:11:54 [INFO ] database write to server successfully!
a.out : 18:11:54 [ERROR] Sqlite_delete_data error:(null)

a.out : 18:11:54 [INFO ] DELETE sqlite database successfully!
a.out : 18:11:54 [INFO ] socket write to server successfully! 
a.out : 18:11:54 [ERROR] Error close database: (null)

a.out : 18:11:54 [INFO ] successfully close database

a.out : 18:48:35 [INFO ] socket[4] connected!
a.out : 18:48:35 [INFO ] successfully close database

a.out : 18:48:35 [INFO ] socket[4] connected!
a.out : 18:48:35 [INFO ] database write to server successfully!
a.out : 18:48:35 [ERROR] Sqlite_delete_data error:(null)

a.out : 18:48:35 [INFO ] DELETE sqlite database successfully!
a.out : 18:48:35 [INFO ] socket write to server successfully! 
a.out : 18:48:50 [INFO ] socket[4] connected!
a.out : 18:48:50 [INFO ] database write to server successfully!
a.out : 18:48:50 [ERROR] Sqlite_delete_data error:(null)

a.out : 18:48:50 [INFO ] DELETE sqlite database successfully!
a.out : 18:48:50 [INFO ] socket write to server successfully! 
a.out : 18:49:05 [INFO ] socket[4] connected!
a.out : 18:49:05 [INFO ] database write to server successfully!
a.out : 18:49:05 [ERROR] Sqlite_delete_data error:(null)

a.out : 18:49:05 [INFO ] DELETE sqlite database successfully!
a.out : 18:49:05 [INFO ] socket write to server successfully! 
a.out : 18:49:20 [INFO ] socket[4] connected!
a.out : 18:49:20 [INFO ] database write to server successfully!
a.out : 18:49:20 [ERROR] Sqlite_delete_data error:(null)

a.out : 18:49:20 [INFO ] DELETE sqlite database successfully!
a.out : 18:49:20 [INFO ] socket write to server successfully! 
a.out : 18:49:35 [WARN ] sockfd[4] disconnected!
a.out : 18:49:35 [WARN ] Breaking and write to database!
a.out : 18:49:35 [ERROR] SQL error: (null)

a.out : 18:49:35 [INFO ] write to database successfully!
a.out : 18:49:35 [ERROR] Error close database: (null)

a.out : 18:49:35 [INFO ] successfully close database

a.out : 18:49:50 [WARN ] sockfd[4] disconnected!
a.out : 18:49:50 [WARN ] Breaking and write to database!
a.out : 18:49:50 [ERROR] SQL error: (null)

a.out : 18:49:50 [INFO ] write to database successfully!
a.out : 18:49:50 [ERROR] Error close database: (null)

a.out : 18:49:50 [INFO ] successfully close database

a.out : 18:57:16 [INFO ] socket[4] connected!
a.out : 18:57:16 [INFO ] successfully close database

a.out : 18:57:17 [INFO ] socket[4] connected!
a.out : 18:57:17 [INFO ] socket write to server successfully! 
a.out : 18:57:32 [INFO ] socket[4] connected!
a.out : 18:57:32 [INFO ] socket write to server successfully! 
a.out : 18:57:47 [INFO ] socket[4] connected!
a.out : 18:57:47 [INFO ] socket write to server successfully! 
a.out : 18:58:02 [WARN ] sockfd[4] disconnected!
a.out : 18:58:02 [WARN ] Breaking and write to database!
a.out : 18:58:02 [ERROR] SQL error: (null)

a.out : 18:58:02 [INFO ] write to database successfully!
a.out : 18:58:02 [ERROR] Error close database: (null)

a.out : 18:58:02 [INFO ] successfully close database

a.out : 18:58:17 [WARN ] sockfd[4] disconnected!
a.out : 18:58:17 [WARN ] Breaking and write to database!
a.out : 18:58:17 [ERROR] SQL error: (null)

a.out : 18:58:17 [INFO ] write to database successfully!
a.out : 18:58:17 [ERROR] Error close database: (null)

a.out : 18:58:17 [INFO ] successfully close database

a.out : 18:58:32 [WARN ] sockfd[4] disconnected!
a.out : 18:58:32 [WARN ] Breaking and write to database!
a.out : 18:58:32 [ERROR] SQL error: (null)

a.out : 18:58:32 [INFO ] write to database successfully!
a.out : 18:58:32 [ERROR] Error close database: (null)

a.out : 18:58:32 [INFO ] successfully close database

a.out : 19:13:40 [INFO ] socket[4] connected!
a.out : 19:13:40 [INFO ] successfully close database

a.out : 19:13:41 [INFO ] socket[4] connected!
a.out : 19:13:41 [INFO ] socket write to server successfully! 
a.out : 19:13:56 [INFO ] socket[4] connected!
a.out : 19:13:56 [INFO ] socket write to server successfully! 
a.out : 19:14:11 [INFO ] socket[4] connected!
a.out : 19:14:11 [INFO ] socket write to server successfully! 
a.out : 19:14:26 [WARN ] sockfd[4] disconnected!
a.out : 19:14:26 [WARN ] Breaking and write to database!
a.out : 19:14:26 [INFO ] Table insert  successfully
a.out : 19:14:26 [INFO ] write to database successfully!
a.out : 19:14:26 [INFO ] successfully close database

a.out : 19:14:41 [WARN ] sockfd[4] disconnected!
a.out : 19:14:41 [WARN ] Breaking and write to database!
a.out : 19:14:41 [INFO ] Table insert  successfully
a.out : 19:14:41 [INFO ] write to database successfully!
a.out : 19:14:41 [INFO ] successfully close database

